<?xml version="1.0" encoding="UTF-8"?>
<testsuite name="seedme.SeedServiceSpec" tests="2" skipped="0" failures="0" errors="0" timestamp="2021-08-12T21:16:05" hostname="bwheeler-office-2.local" time="0.802">
  <properties/>
  <testcase name="testInstallSeedData" classname="seedme.SeedServiceSpec" time="0.731"/>
  <testcase name="testInstallNamedSeed" classname="seedme.SeedServiceSpec" time="0.071"/>
  <system-out><![CDATA[Seeding test of mapOfStringsDomainObject
Seeding test someDomainObject
Seeding test someOtherDomainObject
[seedme.MapOfStringsDomainObject : 1]
Seeding test of mapOfStringsDomainObject
Seeding test someDomainObject
Seeding test someOtherDomainObject
]]></system-out>
  <system-err><![CDATA[]]></system-err>
</testsuite>
